---------------------------------------------------------------------
 A1 
---------------------------------------------------------------------
-- The C compiler identification is GNU 9.4.0
-- The CXX compiler identification is GNU 9.4.0
-- Check for working C compiler: /usr/bin/cc
-- Check for working C compiler: /usr/bin/cc -- works
-- Detecting C compiler ABI info
-- Detecting C compiler ABI info - done
-- Detecting C compile features
-- Detecting C compile features - done
-- Check for working CXX compiler: /usr/bin/c++
-- Check for working CXX compiler: /usr/bin/c++ -- works
-- Detecting CXX compiler ABI info
-- Detecting CXX compiler ABI info - done
-- Detecting CXX compile features
-- Detecting CXX compile features - done
-- Found OpenCV: /usr (found version "4.2.0") 
-- Looking for libray in /home/aalempij/Data/git/pfms-2023a-/pfms-2023a-selimon2000/quizzes/quiz2/a1/dep
-- Architecture: x86_64
-- Found GTest: /usr/lib/x86_64-linux-gnu/libgtest.a  
-- Configuring done
-- Generating done
-- Build files have been written to: /home/aalempij/Data/git/pfms-2023a-/pfms-2023a-selimon2000/quizzes/quiz2/a1/build
**********************************************************************
Making tests distributed with quiz
----------------------------------------------------------------------
Scanning dependencies of target displayrace
[ 16%] Building CXX object CMakeFiles/displayrace.dir/display_race.cpp.o
[ 33%] Linking CXX static library libdisplayrace.a
[ 33%] Built target displayrace
Scanning dependencies of target analysis
[ 50%] Building CXX object CMakeFiles/analysis.dir/analysis.cpp.o
[ 66%] Linking CXX static library libanalysis.a
[ 66%] Built target analysis
Scanning dependencies of target selfTest
[ 83%] Building CXX object marking/CMakeFiles/selfTest.dir/utest.cpp.o
[100%] Linking CXX executable selfTest
[100%] Built target selfTest
----------------------------------------------------------------------
Executing tests distributed with quiz
---------------------------------------------------------------------
[==========] Running 2 tests from 1 test suite.
[----------] Global test environment set-up.
[----------] 2 tests from AnalysisTest
[ RUN      ] AnalysisTest.DragRace
[       OK ] AnalysisTest.DragRace (5113 ms)
[ RUN      ] AnalysisTest.StopAllCars
[       OK ] AnalysisTest.StopAllCars (2720 ms)
[----------] 2 tests from AnalysisTest (7834 ms total)

[----------] Global test environment tear-down
[==========] 2 tests from 1 test suite ran. (7834 ms total)
[  PASSED  ] 2 tests.
---------------------------------------------------------------------
---------------------------------------------------------------------
Making marking tests 
----------------------------------------------------------------------
[ 25%] Built target displayrace
Scanning dependencies of target mockcar
[ 37%] Building CXX object marking/CMakeFiles/mockcar.dir/mock/carmock.cpp.o
[ 50%] Linking CXX static library libmockcar.a
[ 50%] Built target mockcar
[ 75%] Built target analysis
Scanning dependencies of target markingTest
[ 87%] Building CXX object marking/CMakeFiles/markingTest.dir/utest2.cpp.o
[100%] Linking CXX executable markingTest
[100%] Built target markingTest
----------------------------------------------------------------------
**********************************************************************
[==========] Running 2 tests from 1 test suite.
[----------] Global test environment set-up.
[----------] 2 tests from AnalysisTest
[ RUN      ] AnalysisTest.SortOdo
[       OK ] AnalysisTest.SortOdo (0 ms)
[ RUN      ] AnalysisTest.zeroTopZeroRace
/home/aalempij/Data/git/pfms-2023a-/pfms-2023a-selimon2000/quizzes/quiz2/a1/marking/utest2.cpp:43: Failure
Expected equality of these values:
  order.at(0)
    Which is: 23
  7
/home/aalempij/Data/git/pfms-2023a-/pfms-2023a-selimon2000/quizzes/quiz2/a1/marking/utest2.cpp:45: Failure
Expected equality of these values:
  order.at(2)
    Which is: 23
  44
[  FAILED  ] AnalysisTest.zeroTopZeroRace (21134 ms)
[----------] 2 tests from AnalysisTest (21134 ms total)

[----------] Global test environment tear-down
[==========] 2 tests from 1 test suite ran. (21134 ms total)
[  PASSED  ] 1 test.
[  FAILED  ] 1 test, listed below:
[  FAILED  ] AnalysisTest.zeroTopZeroRace

 1 FAILED TEST
---------------------------------------------------------------------
Part A1 scored 3
---------------------------------------------------------------------
---------------------------------------------------------------------
 A2 
---------------------------------------------------------------------
-- The C compiler identification is GNU 9.4.0
-- The CXX compiler identification is GNU 9.4.0
-- Check for working C compiler: /usr/bin/cc
-- Check for working C compiler: /usr/bin/cc -- works
-- Detecting C compiler ABI info
-- Detecting C compiler ABI info - done
-- Detecting C compile features
-- Detecting C compile features - done
-- Check for working CXX compiler: /usr/bin/c++
-- Check for working CXX compiler: /usr/bin/c++ -- works
-- Detecting CXX compiler ABI info
-- Detecting CXX compiler ABI info - done
-- Detecting CXX compile features
-- Detecting CXX compile features - done
-- Found GTest: /usr/lib/x86_64-linux-gnu/libgtest.a  
-- Configuring done
-- Generating done
-- Build files have been written to: /home/aalempij/Data/git/pfms-2023a-/pfms-2023a-selimon2000/quizzes/quiz2/a2/build
**********************************************************************
Making tests distributed with quiz
----------------------------------------------------------------------
Scanning dependencies of target container_ops_Marking
[ 25%] Building CXX object marking/CMakeFiles/container_ops_Marking.dir/__/container_ops.cpp.o
[ 50%] Linking CXX static library libcontainer_ops_Marking.a
[ 50%] Built target container_ops_Marking
Scanning dependencies of target selfTest
[ 75%] Building CXX object marking/CMakeFiles/selfTest.dir/self.cpp.o
[100%] Linking CXX executable selfTest
[100%] Built target selfTest
----------------------------------------------------------------------
Executing tests distributed with quiz
---------------------------------------------------------------------
[==========] Running 1 test from 1 test suite.
[----------] Global test environment set-up.
[----------] 1 test from FunctionsTest
[ RUN      ] FunctionsTest.ModifyingFrontOfDeque
[       OK ] FunctionsTest.ModifyingFrontOfDeque (0 ms)
[----------] 1 test from FunctionsTest (0 ms total)

[----------] Global test environment tear-down
[==========] 1 test from 1 test suite ran. (0 ms total)
[  PASSED  ] 1 test.
---------------------------------------------------------------------
----------------------------------------------------------------------
Making marking test 
----------------------------------------------------------------------
[ 50%] Built target container_ops_Marking
Scanning dependencies of target markingTest
[ 75%] Building CXX object marking/CMakeFiles/markingTest.dir/utest.cpp.o
[100%] Linking CXX executable markingTest
[100%] Built target markingTest
----------------------------------------------------------------------
Executing marking test
---------------------------------------------------------------------
[==========] Running 1 test from 1 test suite.
[----------] Global test environment set-up.
[----------] 1 test from FunctionsTest
[ RUN      ] FunctionsTest.BubbleSort
[       OK ] FunctionsTest.BubbleSort (0 ms)
[----------] 1 test from FunctionsTest (0 ms total)

[----------] Global test environment tear-down
[==========] 1 test from 1 test suite ran. (0 ms total)
[  PASSED  ] 1 test.
---------------------------------------------------------------------
---------------------------------------------------------------------
Part A2 scored 2
---------------------------------------------------------------------
